2014-01-17 10:20:10,003 ERROR [com.alibaba.druid.pool.DruidDataSource] - <testWhileIdle is true, validationQuery not set>
2014-01-17 10:20:10,711 INFO [com.alibaba.druid.pool.DruidDataSource] - <{dataSource-1} inited>
2014-01-17 10:20:10,859 DEBUG [org.jboss.logging] - <Logging Provider: org.jboss.logging.Log4jLoggerProvider>
2014-01-17 10:20:11,879 DEBUG [net.sf.ehcache.config.ConfigurationFactory] - <Configuring ehcache from URL: file:/D:/openspace/smallShow/target/classes/ehcache_hibernate.xml>
2014-01-17 10:20:11,879 DEBUG [net.sf.ehcache.config.ConfigurationFactory] - <Configuring ehcache from InputStream>
2014-01-17 10:20:11,959 DEBUG [net.sf.ehcache.config.DiskStoreConfiguration] - <Disk Store Path: C:\Users\wanghao\AppData\Local\Temp\>
2014-01-17 10:20:11,959 DEBUG [net.sf.ehcache.config.DiskStoreConfiguration] - <Disk Store Path: C:\Users\wanghao\AppData\Local\Temp\>
2014-01-17 10:20:11,959 WARN [net.sf.ehcache.CacheManager] - <One or more caches require a DiskStore but there is no diskStore element configured. Using the default disk store path of C:\Users\wanghao\AppData\Local\Temp\. Please explicitly configure the diskStore element in ehcache.xml.>
2014-01-17 10:20:11,960 DEBUG [net.sf.ehcache.util.PropertyUtil] - <propertiesString is null.>
2014-01-17 10:20:11,962 DEBUG [net.sf.ehcache.config.ConfigurationHelper] - <No CacheManagerEventListenerFactory class specified. Skipping...>
2014-01-17 10:20:12,047 DEBUG [net.sf.ehcache.Cache] - <No BootstrapCacheLoaderFactory class specified. Skipping...>
2014-01-17 10:20:12,047 DEBUG [net.sf.ehcache.Cache] - <CacheWriter factory not configured. Skipping...>
2014-01-17 10:20:12,049 DEBUG [net.sf.ehcache.config.ConfigurationHelper] - <No CacheExceptionHandlerFactory class specified. Skipping...>
2014-01-17 10:20:12,052 DEBUG [net.sf.ehcache.Cache] - <No BootstrapCacheLoaderFactory class specified. Skipping...>
2014-01-17 10:20:12,052 DEBUG [net.sf.ehcache.Cache] - <CacheWriter factory not configured. Skipping...>
2014-01-17 10:20:12,052 DEBUG [net.sf.ehcache.config.ConfigurationHelper] - <No CacheExceptionHandlerFactory class specified. Skipping...>
2014-01-17 10:20:12,052 DEBUG [net.sf.ehcache.Cache] - <No BootstrapCacheLoaderFactory class specified. Skipping...>
2014-01-17 10:20:12,052 DEBUG [net.sf.ehcache.Cache] - <CacheWriter factory not configured. Skipping...>
2014-01-17 10:20:12,052 DEBUG [net.sf.ehcache.config.ConfigurationHelper] - <No CacheExceptionHandlerFactory class specified. Skipping...>
2014-01-17 10:20:12,068 DEBUG [net.sf.ehcache.Cache] - <Initialised cache: org.hibernate.cache.StandardQueryCache>
2014-01-17 10:20:12,068 DEBUG [net.sf.ehcache.config.ConfigurationHelper] - <CacheDecoratorFactory not configured. Skipping for 'org.hibernate.cache.StandardQueryCache'.>
2014-01-17 10:20:12,068 DEBUG [net.sf.ehcache.config.ConfigurationHelper] - <CacheDecoratorFactory not configured for defaultCache. Skipping for 'org.hibernate.cache.StandardQueryCache'.>
2014-01-17 10:20:12,075 DEBUG [net.sf.ehcache.store.compound.factories.DiskOverflowStorageFactory] - <Deleting data file org.hibernate.cache.UpdateTimestampsCache.data>
2014-01-17 10:20:12,110 DEBUG [net.sf.ehcache.Cache] - <Initialised cache: org.hibernate.cache.UpdateTimestampsCache>
2014-01-17 10:20:12,110 DEBUG [net.sf.ehcache.config.ConfigurationHelper] - <CacheDecoratorFactory not configured. Skipping for 'org.hibernate.cache.UpdateTimestampsCache'.>
2014-01-17 10:20:12,110 DEBUG [net.sf.ehcache.config.ConfigurationHelper] - <CacheDecoratorFactory not configured for defaultCache. Skipping for 'org.hibernate.cache.UpdateTimestampsCache'.>
2014-01-17 10:20:12,115 WARN [org.hibernate.cache.ehcache.AbstractEhcacheRegionFactory] - <HHH020003: Could not find a specific ehcache configuration for cache named [org.hibernate.cache.spi.UpdateTimestampsCache]; using defaults.>
2014-01-17 10:20:12,115 DEBUG [net.sf.ehcache.Cache] - <Initialised cache: org.hibernate.cache.spi.UpdateTimestampsCache>
2014-01-17 10:20:12,115 DEBUG [net.sf.ehcache.config.ConfigurationHelper] - <CacheDecoratorFactory not configured for defaultCache. Skipping for 'org.hibernate.cache.spi.UpdateTimestampsCache'.>
2014-01-17 10:20:12,118 WARN [org.hibernate.cache.ehcache.AbstractEhcacheRegionFactory] - <HHH020003: Could not find a specific ehcache configuration for cache named [org.hibernate.cache.internal.StandardQueryCache]; using defaults.>
2014-01-17 10:20:12,118 DEBUG [net.sf.ehcache.Cache] - <Initialised cache: org.hibernate.cache.internal.StandardQueryCache>
2014-01-17 10:20:12,118 DEBUG [net.sf.ehcache.config.ConfigurationHelper] - <CacheDecoratorFactory not configured for defaultCache. Skipping for 'org.hibernate.cache.internal.StandardQueryCache'.>
2014-01-17 10:20:12,444 DEBUG [org.apache.shiro.spring.LifecycleBeanPostProcessor] - <Initializing bean [systemAuthorizingRealm]...>
2014-01-17 10:20:12,444 DEBUG [org.apache.shiro.realm.AuthorizingRealm] - <No authorizationCache instance set.  Checking for a cacheManager...>
2014-01-17 10:20:12,444 INFO [org.apache.shiro.realm.AuthorizingRealm] - <No cache or cacheManager properties have been set.  Authorization cache cannot be obtained.>
2014-01-17 10:20:12,531 DEBUG [org.apache.shiro.spring.web.ShiroFilterFactoryBean] - <Found filter chain candidate filter 'customFormAuthenticationFilter'>
2014-01-17 10:20:12,615 DEBUG [org.apache.shiro.spring.web.ShiroFilterFactoryBean] - <Creating Shiro Filter instance.>
2014-01-17 10:20:12,633 DEBUG [org.apache.shiro.web.filter.mgt.DefaultFilterChainManager] - <Creating chain [/login.do] from String definition [anon]>
2014-01-17 10:20:12,633 DEBUG [org.apache.shiro.web.filter.mgt.DefaultFilterChainManager] - <Attempting to apply path [/login.do] to filter [anon] with config [null]>
2014-01-17 10:20:12,634 DEBUG [org.apache.shiro.web.filter.mgt.DefaultFilterChainManager] - <Creating chain [/**] from String definition [authc]>
2014-01-17 10:20:12,634 DEBUG [org.apache.shiro.web.filter.mgt.DefaultFilterChainManager] - <Attempting to apply path [/**] to filter [authc] with config [null]>
2014-01-17 10:20:13,051 DEBUG [net.sf.ehcache.util.UpdateChecker] - <Checking for update...>
2014-01-17 10:20:16,916 INFO [net.sf.ehcache.util.UpdateChecker] - <New update(s) found: 2.4.7 [http://www.terracotta.org/confluence/display/release/Release+Notes+Ehcache+Core+2.4]. Please check http://ehcache.org for the latest version.>
2014-01-17 10:20:36,085 INFO [com.peter.smallshow.controller.ViewLoginController] - <ip:0:0:0:0:0:0:0:1>
2014-01-17 10:20:45,465 INFO [com.peter.smallshow.controller.LoginController] - <loginName:peter;loginPassword:peter>
2014-01-17 10:20:46,177 DEBUG [org.apache.shiro.realm.AuthenticatingRealm] - <Looked up AuthenticationInfo [peter] from doGetAuthenticationInfo>
2014-01-17 10:20:46,177 DEBUG [org.apache.shiro.realm.AuthenticatingRealm] - <AuthenticationInfo caching is disabled for info [peter].  Submitted token: [org.apache.shiro.authc.UsernamePasswordToken - peter, rememberMe=true].>
2014-01-17 10:20:46,178 DEBUG [org.apache.shiro.authc.credential.SimpleCredentialsMatcher] - <Performing credentials equality check for tokenCredentials of type [[C and accountCredentials of type [java.lang.String]>
2014-01-17 10:20:46,178 DEBUG [org.apache.shiro.authc.credential.SimpleCredentialsMatcher] - <Both credentials arguments can be easily converted to byte arrays.  Performing array equals comparison>
2014-01-17 10:20:46,178 DEBUG [org.apache.shiro.authc.AbstractAuthenticator] - <Authentication successful for token [org.apache.shiro.authc.UsernamePasswordToken - peter, rememberMe=true].  Returned account [peter]>
2014-01-17 10:20:46,178 DEBUG [org.apache.shiro.subject.support.DefaultSubjectContext] - <No SecurityManager available in subject context map.  Falling back to SecurityUtils.getSecurityManager() lookup.>
2014-01-17 10:20:46,178 DEBUG [org.apache.shiro.mgt.DefaultSecurityManager] - <Context already contains a session.  Returning.>
2014-01-17 10:20:46,178 DEBUG [org.apache.shiro.subject.support.DefaultSubjectContext] - <No SecurityManager available in subject context map.  Falling back to SecurityUtils.getSecurityManager() lookup.>
2014-01-17 10:20:46,179 DEBUG [org.apache.shiro.web.servlet.SimpleCookie] - <Added HttpServletResponse Cookie [rememberMe=deleteMe; Path=/smallShow; Max-Age=0; Expires=Thu, 16-Jan-2014 02:20:46 GMT]>
2014-01-17 10:20:46,570 DEBUG [org.apache.shiro.web.servlet.SimpleCookie] - <Added HttpServletResponse Cookie [rememberMe=Yn/KdeE8ytTCyOzNqFtME0QG0xlSYLBDayns2zfyyfIio+YbCtWr6nwUMcfHlQ5z053eCSe9I4uPMdop7O1WptSO9EkNtOrB/PAfdi67xAikqP0/fKrMjUzg4/WvQAR1HFqNxo94C9NTgwhElOAz0J9yHTbwHIKoMr9a1q3ZxThrwOnaMxpV/8B/cgqhTZtK7pWI7AHynyG8AVLNR3Zs4DRT4HY1k05XInxn9N69ecrJgcV2IkxQcFzy24wNssByY7x5wz8/msIuIkrnxybW+NJr7dXw+cQQdtwNiOtphs62obB/8TM7ZPz5KDnu/lMC6YZjJVl8AIjrVnb1OkNYgB9WX+ffw/71kzfjQRtcSh45UBNZC4Ct5272Tn0eEos4W9CaSafIVjhHUXdopGxpsyTy0uqZBNbdLkJbd8xC6Y/41spfEojc1/UkrKYeBtwAcuHJtft07u00R4T7LgOueTa3JBgsI4+772ViYBU1yW8=; Path=/smallShow; Max-Age=31536000; Expires=Sat, 17-Jan-2015 02:20:46 GMT; HttpOnly]>
2014-01-17 10:20:46,570 INFO [com.peter.smallshow.controller.LoginController] - <User [peter] logged in successfully.>
2014-01-17 10:21:15,141 INFO [com.peter.smallshow.controller.ViewLoginController] - <ip:0:0:0:0:0:0:0:1>
2014-01-17 10:21:18,079 INFO [com.peter.smallshow.controller.LoginController] - <loginName:dd;loginPassword:dd>
2014-01-17 10:21:18,082 DEBUG [org.apache.shiro.realm.AuthenticatingRealm] - <Looked up AuthenticationInfo [null] from doGetAuthenticationInfo>
2014-01-17 10:21:18,082 DEBUG [org.apache.shiro.realm.AuthenticatingRealm] - <No AuthenticationInfo found for submitted AuthenticationToken [org.apache.shiro.authc.UsernamePasswordToken - dd, rememberMe=true].  Returning null.>
2014-01-17 10:21:18,083 DEBUG [org.apache.shiro.web.servlet.SimpleCookie] - <Added HttpServletResponse Cookie [rememberMe=deleteMe; Path=/smallShow; Max-Age=0; Expires=Thu, 16-Jan-2014 02:21:18 GMT]>
2014-01-17 10:21:18,083 INFO [com.peter.smallshow.controller.LoginController] - <用户认证失败：username wasn't in the system.>
2014-01-17 10:27:14,845 ERROR [com.alibaba.druid.pool.DruidDataSource] - <testWhileIdle is true, validationQuery not set>
2014-01-17 10:27:15,262 INFO [com.alibaba.druid.pool.DruidDataSource] - <{dataSource-1} inited>
2014-01-17 10:27:15,312 DEBUG [org.jboss.logging] - <Logging Provider: org.jboss.logging.Log4jLoggerProvider>
2014-01-17 10:27:16,086 DEBUG [net.sf.ehcache.config.ConfigurationFactory] - <Configuring ehcache from URL: file:/D:/openspace/smallShow/target/classes/ehcache_hibernate.xml>
2014-01-17 10:27:16,086 DEBUG [net.sf.ehcache.config.ConfigurationFactory] - <Configuring ehcache from InputStream>
2014-01-17 10:27:16,128 DEBUG [net.sf.ehcache.config.DiskStoreConfiguration] - <Disk Store Path: C:\Users\wanghao\AppData\Local\Temp\>
2014-01-17 10:27:16,128 DEBUG [net.sf.ehcache.config.DiskStoreConfiguration] - <Disk Store Path: C:\Users\wanghao\AppData\Local\Temp\>
2014-01-17 10:27:16,128 WARN [net.sf.ehcache.CacheManager] - <One or more caches require a DiskStore but there is no diskStore element configured. Using the default disk store path of C:\Users\wanghao\AppData\Local\Temp\. Please explicitly configure the diskStore element in ehcache.xml.>
2014-01-17 10:27:16,129 DEBUG [net.sf.ehcache.util.PropertyUtil] - <propertiesString is null.>
2014-01-17 10:27:16,132 DEBUG [net.sf.ehcache.config.ConfigurationHelper] - <No CacheManagerEventListenerFactory class specified. Skipping...>
2014-01-17 10:27:16,171 DEBUG [net.sf.ehcache.Cache] - <No BootstrapCacheLoaderFactory class specified. Skipping...>
2014-01-17 10:27:16,171 DEBUG [net.sf.ehcache.Cache] - <CacheWriter factory not configured. Skipping...>
2014-01-17 10:27:16,172 DEBUG [net.sf.ehcache.config.ConfigurationHelper] - <No CacheExceptionHandlerFactory class specified. Skipping...>
2014-01-17 10:27:16,174 DEBUG [net.sf.ehcache.Cache] - <No BootstrapCacheLoaderFactory class specified. Skipping...>
2014-01-17 10:27:16,175 DEBUG [net.sf.ehcache.Cache] - <CacheWriter factory not configured. Skipping...>
2014-01-17 10:27:16,175 DEBUG [net.sf.ehcache.config.ConfigurationHelper] - <No CacheExceptionHandlerFactory class specified. Skipping...>
2014-01-17 10:27:16,175 DEBUG [net.sf.ehcache.Cache] - <No BootstrapCacheLoaderFactory class specified. Skipping...>
2014-01-17 10:27:16,175 DEBUG [net.sf.ehcache.Cache] - <CacheWriter factory not configured. Skipping...>
2014-01-17 10:27:16,175 DEBUG [net.sf.ehcache.config.ConfigurationHelper] - <No CacheExceptionHandlerFactory class specified. Skipping...>
2014-01-17 10:27:16,186 DEBUG [net.sf.ehcache.store.compound.factories.DiskOverflowStorageFactory] - <Deleting data file org.hibernate.cache.UpdateTimestampsCache.data>
2014-01-17 10:27:16,208 DEBUG [net.sf.ehcache.Cache] - <Initialised cache: org.hibernate.cache.UpdateTimestampsCache>
2014-01-17 10:27:16,208 DEBUG [net.sf.ehcache.config.ConfigurationHelper] - <CacheDecoratorFactory not configured. Skipping for 'org.hibernate.cache.UpdateTimestampsCache'.>
2014-01-17 10:27:16,208 DEBUG [net.sf.ehcache.config.ConfigurationHelper] - <CacheDecoratorFactory not configured for defaultCache. Skipping for 'org.hibernate.cache.UpdateTimestampsCache'.>
2014-01-17 10:27:16,210 DEBUG [net.sf.ehcache.Cache] - <Initialised cache: org.hibernate.cache.StandardQueryCache>
2014-01-17 10:27:16,210 DEBUG [net.sf.ehcache.config.ConfigurationHelper] - <CacheDecoratorFactory not configured. Skipping for 'org.hibernate.cache.StandardQueryCache'.>
2014-01-17 10:27:16,210 DEBUG [net.sf.ehcache.config.ConfigurationHelper] - <CacheDecoratorFactory not configured for defaultCache. Skipping for 'org.hibernate.cache.StandardQueryCache'.>
2014-01-17 10:27:16,215 WARN [org.hibernate.cache.ehcache.AbstractEhcacheRegionFactory] - <HHH020003: Could not find a specific ehcache configuration for cache named [org.hibernate.cache.spi.UpdateTimestampsCache]; using defaults.>
2014-01-17 10:27:16,215 DEBUG [net.sf.ehcache.Cache] - <Initialised cache: org.hibernate.cache.spi.UpdateTimestampsCache>
2014-01-17 10:27:16,215 DEBUG [net.sf.ehcache.config.ConfigurationHelper] - <CacheDecoratorFactory not configured for defaultCache. Skipping for 'org.hibernate.cache.spi.UpdateTimestampsCache'.>
2014-01-17 10:27:16,218 WARN [org.hibernate.cache.ehcache.AbstractEhcacheRegionFactory] - <HHH020003: Could not find a specific ehcache configuration for cache named [org.hibernate.cache.internal.StandardQueryCache]; using defaults.>
2014-01-17 10:27:16,219 DEBUG [net.sf.ehcache.Cache] - <Initialised cache: org.hibernate.cache.internal.StandardQueryCache>
2014-01-17 10:27:16,219 DEBUG [net.sf.ehcache.config.ConfigurationHelper] - <CacheDecoratorFactory not configured for defaultCache. Skipping for 'org.hibernate.cache.internal.StandardQueryCache'.>
2014-01-17 10:27:16,406 DEBUG [org.apache.shiro.spring.LifecycleBeanPostProcessor] - <Initializing bean [systemAuthorizingRealm]...>
2014-01-17 10:27:16,406 DEBUG [org.apache.shiro.realm.AuthorizingRealm] - <No authorizationCache instance set.  Checking for a cacheManager...>
2014-01-17 10:27:16,406 INFO [org.apache.shiro.realm.AuthorizingRealm] - <No cache or cacheManager properties have been set.  Authorization cache cannot be obtained.>
2014-01-17 10:27:16,491 DEBUG [org.apache.shiro.spring.web.ShiroFilterFactoryBean] - <Found filter chain candidate filter 'customFormAuthenticationFilter'>
2014-01-17 10:27:16,544 DEBUG [org.apache.shiro.spring.web.ShiroFilterFactoryBean] - <Creating Shiro Filter instance.>
2014-01-17 10:27:16,558 DEBUG [org.apache.shiro.web.filter.mgt.DefaultFilterChainManager] - <Creating chain [/index.jsp] from String definition [anon]>
2014-01-17 10:27:16,559 DEBUG [org.apache.shiro.web.filter.mgt.DefaultFilterChainManager] - <Attempting to apply path [/index.jsp] to filter [anon] with config [null]>
2014-01-17 10:27:16,560 DEBUG [org.apache.shiro.web.filter.mgt.DefaultFilterChainManager] - <Creating chain [/index.do] from String definition [anon]>
2014-01-17 10:27:16,560 DEBUG [org.apache.shiro.web.filter.mgt.DefaultFilterChainManager] - <Attempting to apply path [/index.do] to filter [anon] with config [null]>
2014-01-17 10:27:16,561 DEBUG [org.apache.shiro.web.filter.mgt.DefaultFilterChainManager] - <Creating chain [/login.do] from String definition [authc]>
2014-01-17 10:27:16,561 DEBUG [org.apache.shiro.web.filter.mgt.DefaultFilterChainManager] - <Attempting to apply path [/login.do] to filter [authc] with config [null]>
2014-01-17 10:27:16,561 DEBUG [org.apache.shiro.web.filter.mgt.DefaultFilterChainManager] - <Creating chain [/**] from String definition [authc]>
2014-01-17 10:27:16,561 DEBUG [org.apache.shiro.web.filter.mgt.DefaultFilterChainManager] - <Attempting to apply path [/**] to filter [authc] with config [null]>
2014-01-17 10:27:17,173 DEBUG [net.sf.ehcache.util.UpdateChecker] - <Checking for update...>
2014-01-17 10:27:20,600 DEBUG [net.sf.ehcache.util.UpdateChecker] - <Update check failed: java.net.SocketTimeoutException: connect timed out>
2014-01-17 10:27:25,780 WARN [org.springframework.web.servlet.PageNotFound] - <Request method 'GET' not supported>
2014-01-17 10:27:40,021 WARN [org.springframework.web.servlet.PageNotFound] - <Request method 'GET' not supported>
2014-01-17 10:27:53,223 INFO [com.peter.smallshow.controller.ViewLoginController] - <ip:0:0:0:0:0:0:0:1>
2014-01-17 10:28:00,505 WARN [org.springframework.web.servlet.PageNotFound] - <Request method 'GET' not supported>
2014-01-17 10:56:12,479 ERROR [com.alibaba.druid.pool.DruidDataSource] - <testWhileIdle is true, validationQuery not set>
2014-01-17 10:56:12,926 ERROR [com.alibaba.druid.pool.DruidDataSource] - <init datasource error>
java.sql.SQLException: Database 'D:\openspace\smallShow\src\main\webapp/derbyDB' not found.
	at org.apache.derby.impl.jdbc.SQLExceptionFactory40.getSQLException(Unknown Source)
	at org.apache.derby.impl.jdbc.Util.newEmbedSQLException(Unknown Source)
	at org.apache.derby.impl.jdbc.Util.newEmbedSQLException(Unknown Source)
	at org.apache.derby.impl.jdbc.Util.generateCsSQLException(Unknown Source)
	at org.apache.derby.impl.jdbc.EmbedConnection.newSQLException(Unknown Source)
	at org.apache.derby.impl.jdbc.EmbedConnection.handleDBNotFound(Unknown Source)
	at org.apache.derby.impl.jdbc.EmbedConnection.<init>(Unknown Source)
	at org.apache.derby.impl.jdbc.EmbedConnection40.<init>(Unknown Source)
	at org.apache.derby.jdbc.Driver40.getNewEmbedConnection(Unknown Source)
	at org.apache.derby.jdbc.InternalDriver.connect(Unknown Source)
	at org.apache.derby.jdbc.Driver20.connect(Unknown Source)
	at org.apache.derby.jdbc.EmbeddedDriver.connect(Unknown Source)
	at com.alibaba.druid.filter.FilterChainImpl.connection_connect(FilterChainImpl.java:146)
	at com.alibaba.druid.filter.stat.StatFilter.connection_connect(StatFilter.java:211)
	at com.alibaba.druid.filter.FilterChainImpl.connection_connect(FilterChainImpl.java:140)
	at com.alibaba.druid.pool.DruidAbstractDataSource.createPhysicalConnection(DruidAbstractDataSource.java:1355)
	at com.alibaba.druid.pool.DruidAbstractDataSource.createPhysicalConnection(DruidAbstractDataSource.java:1409)
	at com.alibaba.druid.pool.DruidDataSource.init(DruidDataSource.java:602)
	at sun.reflect.NativeMethodAccessorImpl.invoke0(Native Method)
	at sun.reflect.NativeMethodAccessorImpl.invoke(NativeMethodAccessorImpl.java:57)
	at sun.reflect.DelegatingMethodAccessorImpl.invoke(DelegatingMethodAccessorImpl.java:43)
	at java.lang.reflect.Method.invoke(Method.java:601)
	at org.springframework.beans.factory.support.AbstractAutowireCapableBeanFactory.invokeCustomInitMethod(AbstractAutowireCapableBeanFactory.java:1614)
	at org.springframework.beans.factory.support.AbstractAutowireCapableBeanFactory.invokeInitMethods(AbstractAutowireCapableBeanFactory.java:1555)
	at org.springframework.beans.factory.support.AbstractAutowireCapableBeanFactory.initializeBean(AbstractAutowireCapableBeanFactory.java:1485)
	at org.springframework.beans.factory.support.AbstractAutowireCapableBeanFactory.doCreateBean(AbstractAutowireCapableBeanFactory.java:524)
	at org.springframework.beans.factory.support.AbstractAutowireCapableBeanFactory.createBean(AbstractAutowireCapableBeanFactory.java:461)
	at org.springframework.beans.factory.support.AbstractBeanFactory$1.getObject(AbstractBeanFactory.java:295)
	at org.springframework.beans.factory.support.DefaultSingletonBeanRegistry.getSingleton(DefaultSingletonBeanRegistry.java:223)
	at org.springframework.beans.factory.support.AbstractBeanFactory.doGetBean(AbstractBeanFactory.java:292)
	at org.springframework.beans.factory.support.AbstractBeanFactory.getBean(AbstractBeanFactory.java:194)
	at org.springframework.beans.factory.support.BeanDefinitionValueResolver.resolveReference(BeanDefinitionValueResolver.java:323)
	at org.springframework.beans.factory.support.BeanDefinitionValueResolver.resolveValueIfNecessary(BeanDefinitionValueResolver.java:107)
	at org.springframework.beans.factory.support.AbstractAutowireCapableBeanFactory.applyPropertyValues(AbstractAutowireCapableBeanFactory.java:1393)
	at org.springframework.beans.factory.support.AbstractAutowireCapableBeanFactory.populateBean(AbstractAutowireCapableBeanFactory.java:1134)
	at org.springframework.beans.factory.support.AbstractAutowireCapableBeanFactory.doCreateBean(AbstractAutowireCapableBeanFactory.java:522)
	at org.springframework.beans.factory.support.AbstractAutowireCapableBeanFactory.createBean(AbstractAutowireCapableBeanFactory.java:461)
	at org.springframework.beans.factory.support.AbstractBeanFactory$1.getObject(AbstractBeanFactory.java:295)
	at org.springframework.beans.factory.support.DefaultSingletonBeanRegistry.getSingleton(DefaultSingletonBeanRegistry.java:223)
	at org.springframework.beans.factory.support.AbstractBeanFactory.doGetBean(AbstractBeanFactory.java:292)
	at org.springframework.beans.factory.support.AbstractBeanFactory.getBean(AbstractBeanFactory.java:194)
	at org.springframework.beans.factory.support.DefaultListableBeanFactory.findAutowireCandidates(DefaultListableBeanFactory.java:910)
	at org.springframework.beans.factory.support.DefaultListableBeanFactory.doResolveDependency(DefaultListableBeanFactory.java:853)
	at org.springframework.beans.factory.support.DefaultListableBeanFactory.resolveDependency(DefaultListableBeanFactory.java:768)
	at org.springframework.beans.factory.annotation.AutowiredAnnotationBeanPostProcessor$AutowiredFieldElement.inject(AutowiredAnnotationBeanPostProcessor.java:486)
	at org.springframework.beans.factory.annotation.InjectionMetadata.inject(InjectionMetadata.java:87)
	at org.springframework.beans.factory.annotation.AutowiredAnnotationBeanPostProcessor.postProcessPropertyValues(AutowiredAnnotationBeanPostProcessor.java:285)
	at org.springframework.beans.factory.support.AbstractAutowireCapableBeanFactory.populateBean(AbstractAutowireCapableBeanFactory.java:1122)
	at org.springframework.beans.factory.support.AbstractAutowireCapableBeanFactory.doCreateBean(AbstractAutowireCapableBeanFactory.java:522)
	at org.springframework.beans.factory.support.AbstractAutowireCapableBeanFactory.createBean(AbstractAutowireCapableBeanFactory.java:461)
	at org.springframework.beans.factory.support.AbstractBeanFactory$1.getObject(AbstractBeanFactory.java:295)
	at org.springframework.beans.factory.support.DefaultSingletonBeanRegistry.getSingleton(DefaultSingletonBeanRegistry.java:223)
	at org.springframework.beans.factory.support.AbstractBeanFactory.doGetBean(AbstractBeanFactory.java:292)
	at org.springframework.beans.factory.support.AbstractBeanFactory.getBean(AbstractBeanFactory.java:194)
	at org.springframework.beans.factory.support.DefaultListableBeanFactory.findAutowireCandidates(DefaultListableBeanFactory.java:910)
	at org.springframework.beans.factory.support.DefaultListableBeanFactory.doResolveDependency(DefaultListableBeanFactory.java:853)
	at org.springframework.beans.factory.support.DefaultListableBeanFactory.resolveDependency(DefaultListableBeanFactory.java:768)
	at org.springframework.beans.factory.annotation.AutowiredAnnotationBeanPostProcessor$AutowiredFieldElement.inject(AutowiredAnnotationBeanPostProcessor.java:486)
	at org.springframework.beans.factory.annotation.InjectionMetadata.inject(InjectionMetadata.java:87)
	at org.springframework.beans.factory.annotation.AutowiredAnnotationBeanPostProcessor.postProcessPropertyValues(AutowiredAnnotationBeanPostProcessor.java:285)
	at org.springframework.beans.factory.support.AbstractAutowireCapableBeanFactory.populateBean(AbstractAutowireCapableBeanFactory.java:1122)
	at org.springframework.beans.factory.support.AbstractAutowireCapableBeanFactory.doCreateBean(AbstractAutowireCapableBeanFactory.java:522)
	at org.springframework.beans.factory.support.AbstractAutowireCapableBeanFactory.createBean(AbstractAutowireCapableBeanFactory.java:461)
	at org.springframework.beans.factory.support.AbstractBeanFactory$1.getObject(AbstractBeanFactory.java:295)
	at org.springframework.beans.factory.support.DefaultSingletonBeanRegistry.getSingleton(DefaultSingletonBeanRegistry.java:223)
	at org.springframework.beans.factory.support.AbstractBeanFactory.doGetBean(AbstractBeanFactory.java:292)
	at org.springframework.beans.factory.support.AbstractBeanFactory.getBean(AbstractBeanFactory.java:198)
	at org.springframework.context.annotation.CommonAnnotationBeanPostProcessor.autowireResource(CommonAnnotationBeanPostProcessor.java:442)
	at org.springframework.context.annotation.CommonAnnotationBeanPostProcessor.getResource(CommonAnnotationBeanPostProcessor.java:416)
	at org.springframework.context.annotation.CommonAnnotationBeanPostProcessor$ResourceElement.getResourceToInject(CommonAnnotationBeanPostProcessor.java:550)
	at org.springframework.beans.factory.annotation.InjectionMetadata$InjectedElement.inject(InjectionMetadata.java:150)
	at org.springframework.beans.factory.annotation.InjectionMetadata.inject(InjectionMetadata.java:87)
	at org.springframework.context.annotation.CommonAnnotationBeanPostProcessor.postProcessPropertyValues(CommonAnnotationBeanPostProcessor.java:303)
	at org.springframework.beans.factory.support.AbstractAutowireCapableBeanFactory.populateBean(AbstractAutowireCapableBeanFactory.java:1122)
	at org.springframework.beans.factory.support.AbstractAutowireCapableBeanFactory.doCreateBean(AbstractAutowireCapableBeanFactory.java:522)
	at org.springframework.beans.factory.support.AbstractAutowireCapableBeanFactory.createBean(AbstractAutowireCapableBeanFactory.java:461)
	at org.springframework.beans.factory.support.AbstractBeanFactory$1.getObject(AbstractBeanFactory.java:295)
	at org.springframework.beans.factory.support.DefaultSingletonBeanRegistry.getSingleton(DefaultSingletonBeanRegistry.java:223)
	at org.springframework.beans.factory.support.AbstractBeanFactory.doGetBean(AbstractBeanFactory.java:292)
	at org.springframework.beans.factory.support.AbstractBeanFactory.getBean(AbstractBeanFactory.java:194)
	at org.springframework.beans.factory.support.BeanDefinitionValueResolver.resolveReference(BeanDefinitionValueResolver.java:323)
	at org.springframework.beans.factory.support.BeanDefinitionValueResolver.resolveValueIfNecessary(BeanDefinitionValueResolver.java:107)
	at org.springframework.beans.factory.support.AbstractAutowireCapableBeanFactory.applyPropertyValues(AbstractAutowireCapableBeanFactory.java:1393)
	at org.springframework.beans.factory.support.AbstractAutowireCapableBeanFactory.populateBean(AbstractAutowireCapableBeanFactory.java:1134)
	at org.springframework.beans.factory.support.AbstractAutowireCapableBeanFactory.doCreateBean(AbstractAutowireCapableBeanFactory.java:522)
	at org.springframework.beans.factory.support.AbstractAutowireCapableBeanFactory.createBean(AbstractAutowireCapableBeanFactory.java:461)
	at org.springframework.beans.factory.support.AbstractBeanFactory$1.getObject(AbstractBeanFactory.java:295)
	at org.springframework.beans.factory.support.DefaultSingletonBeanRegistry.getSingleton(DefaultSingletonBeanRegistry.java:223)
	at org.springframework.beans.factory.support.AbstractBeanFactory.doGetBean(AbstractBeanFactory.java:292)
	at org.springframework.beans.factory.support.AbstractBeanFactory.getBean(AbstractBeanFactory.java:194)
	at org.springframework.beans.factory.support.BeanDefinitionValueResolver.resolveReference(BeanDefinitionValueResolver.java:323)
	at org.springframework.beans.factory.support.BeanDefinitionValueResolver.resolveValueIfNecessary(BeanDefinitionValueResolver.java:107)
	at org.springframework.beans.factory.support.AbstractAutowireCapableBeanFactory.applyPropertyValues(AbstractAutowireCapableBeanFactory.java:1393)
	at org.springframework.beans.factory.support.AbstractAutowireCapableBeanFactory.populateBean(AbstractAutowireCapableBeanFactory.java:1134)
	at org.springframework.beans.factory.support.AbstractAutowireCapableBeanFactory.doCreateBean(AbstractAutowireCapableBeanFactory.java:522)
	at org.springframework.beans.factory.support.AbstractAutowireCapableBeanFactory.createBean(AbstractAutowireCapableBeanFactory.java:461)
	at org.springframework.beans.factory.support.AbstractBeanFactory$1.getObject(AbstractBeanFactory.java:295)
	at org.springframework.beans.factory.support.DefaultSingletonBeanRegistry.getSingleton(DefaultSingletonBeanRegistry.java:223)
	at org.springframework.beans.factory.support.AbstractBeanFactory.doGetBean(AbstractBeanFactory.java:292)
	at org.springframework.beans.factory.support.AbstractBeanFactory.getBean(AbstractBeanFactory.java:198)
	at org.springframework.context.support.AbstractApplicationContext.registerBeanPostProcessors(AbstractApplicationContext.java:753)
	at org.springframework.context.support.AbstractApplicationContext.refresh(AbstractApplicationContext.java:464)
	at org.springframework.web.context.ContextLoader.configureAndRefreshWebApplicationContext(ContextLoader.java:389)
	at org.springframework.web.context.ContextLoader.initWebApplicationContext(ContextLoader.java:294)
	at org.springframework.web.context.ContextLoaderListener.contextInitialized(ContextLoaderListener.java:112)
	at org.mortbay.jetty.handler.ContextHandler.startContext(ContextHandler.java:549)
	at org.mortbay.jetty.servlet.Context.startContext(Context.java:136)
	at org.mortbay.jetty.webapp.WebAppContext.startContext(WebAppContext.java:1282)
	at org.mortbay.jetty.handler.ContextHandler.doStart(ContextHandler.java:518)
	at org.mortbay.jetty.webapp.WebAppContext.doStart(WebAppContext.java:499)
	at org.mortbay.component.AbstractLifeCycle.start(AbstractLifeCycle.java:50)
	at org.mortbay.jetty.handler.HandlerWrapper.doStart(HandlerWrapper.java:130)
	at org.mortbay.jetty.Server.doStart(Server.java:224)
	at org.mortbay.component.AbstractLifeCycle.start(AbstractLifeCycle.java:50)
	at runjettyrun.Bootstrap.main(Bootstrap.java:97)
Caused by: java.sql.SQLException: Database 'D:\openspace\smallShow\src\main\webapp/derbyDB' not found.
	at org.apache.derby.impl.jdbc.SQLExceptionFactory.getSQLException(Unknown Source)
	at org.apache.derby.impl.jdbc.SQLExceptionFactory40.wrapArgsForTransportAcrossDRDA(Unknown Source)
	... 115 more
2014-01-17 10:56:12,976 ERROR [com.alibaba.druid.pool.DruidDataSource] - <dataSource init error>
java.sql.SQLException: Database 'D:\openspace\smallShow\src\main\webapp/derbyDB' not found.
	at org.apache.derby.impl.jdbc.SQLExceptionFactory40.getSQLException(Unknown Source)
	at org.apache.derby.impl.jdbc.Util.newEmbedSQLException(Unknown Source)
	at org.apache.derby.impl.jdbc.Util.newEmbedSQLException(Unknown Source)
	at org.apache.derby.impl.jdbc.Util.generateCsSQLException(Unknown Source)
	at org.apache.derby.impl.jdbc.EmbedConnection.newSQLException(Unknown Source)
	at org.apache.derby.impl.jdbc.EmbedConnection.handleDBNotFound(Unknown Source)
	at org.apache.derby.impl.jdbc.EmbedConnection.<init>(Unknown Source)
	at org.apache.derby.impl.jdbc.EmbedConnection40.<init>(Unknown Source)
	at org.apache.derby.jdbc.Driver40.getNewEmbedConnection(Unknown Source)
	at org.apache.derby.jdbc.InternalDriver.connect(Unknown Source)
	at org.apache.derby.jdbc.Driver20.connect(Unknown Source)
	at org.apache.derby.jdbc.EmbeddedDriver.connect(Unknown Source)
	at com.alibaba.druid.filter.FilterChainImpl.connection_connect(FilterChainImpl.java:146)
	at com.alibaba.druid.filter.stat.StatFilter.connection_connect(StatFilter.java:211)
	at com.alibaba.druid.filter.FilterChainImpl.connection_connect(FilterChainImpl.java:140)
	at com.alibaba.druid.pool.DruidAbstractDataSource.createPhysicalConnection(DruidAbstractDataSource.java:1355)
	at com.alibaba.druid.pool.DruidAbstractDataSource.createPhysicalConnection(DruidAbstractDataSource.java:1409)
	at com.alibaba.druid.pool.DruidDataSource.init(DruidDataSource.java:602)
	at sun.reflect.NativeMethodAccessorImpl.invoke0(Native Method)
	at sun.reflect.NativeMethodAccessorImpl.invoke(NativeMethodAccessorImpl.java:57)
	at sun.reflect.DelegatingMethodAccessorImpl.invoke(DelegatingMethodAccessorImpl.java:43)
	at java.lang.reflect.Method.invoke(Method.java:601)
	at org.springframework.beans.factory.support.AbstractAutowireCapableBeanFactory.invokeCustomInitMethod(AbstractAutowireCapableBeanFactory.java:1614)
	at org.springframework.beans.factory.support.AbstractAutowireCapableBeanFactory.invokeInitMethods(AbstractAutowireCapableBeanFactory.java:1555)
	at org.springframework.beans.factory.support.AbstractAutowireCapableBeanFactory.initializeBean(AbstractAutowireCapableBeanFactory.java:1485)
	at org.springframework.beans.factory.support.AbstractAutowireCapableBeanFactory.doCreateBean(AbstractAutowireCapableBeanFactory.java:524)
	at org.springframework.beans.factory.support.AbstractAutowireCapableBeanFactory.createBean(AbstractAutowireCapableBeanFactory.java:461)
	at org.springframework.beans.factory.support.AbstractBeanFactory$1.getObject(AbstractBeanFactory.java:295)
	at org.springframework.beans.factory.support.DefaultSingletonBeanRegistry.getSingleton(DefaultSingletonBeanRegistry.java:223)
	at org.springframework.beans.factory.support.AbstractBeanFactory.doGetBean(AbstractBeanFactory.java:292)
	at org.springframework.beans.factory.support.AbstractBeanFactory.getBean(AbstractBeanFactory.java:194)
	at org.springframework.beans.factory.support.BeanDefinitionValueResolver.resolveReference(BeanDefinitionValueResolver.java:323)
	at org.springframework.beans.factory.support.BeanDefinitionValueResolver.resolveValueIfNecessary(BeanDefinitionValueResolver.java:107)
	at org.springframework.beans.factory.support.AbstractAutowireCapableBeanFactory.applyPropertyValues(AbstractAutowireCapableBeanFactory.java:1393)
	at org.springframework.beans.factory.support.AbstractAutowireCapableBeanFactory.populateBean(AbstractAutowireCapableBeanFactory.java:1134)
	at org.springframework.beans.factory.support.AbstractAutowireCapableBeanFactory.doCreateBean(AbstractAutowireCapableBeanFactory.java:522)
	at org.springframework.beans.factory.support.AbstractAutowireCapableBeanFactory.createBean(AbstractAutowireCapableBeanFactory.java:461)
	at org.springframework.beans.factory.support.AbstractBeanFactory$1.getObject(AbstractBeanFactory.java:295)
	at org.springframework.beans.factory.support.DefaultSingletonBeanRegistry.getSingleton(DefaultSingletonBeanRegistry.java:223)
	at org.springframework.beans.factory.support.AbstractBeanFactory.doGetBean(AbstractBeanFactory.java:292)
	at org.springframework.beans.factory.support.AbstractBeanFactory.getBean(AbstractBeanFactory.java:194)
	at org.springframework.beans.factory.support.DefaultListableBeanFactory.findAutowireCandidates(DefaultListableBeanFactory.java:910)
	at org.springframework.beans.factory.support.DefaultListableBeanFactory.doResolveDependency(DefaultListableBeanFactory.java:853)
	at org.springframework.beans.factory.support.DefaultListableBeanFactory.resolveDependency(DefaultListableBeanFactory.java:768)
	at org.springframework.beans.factory.annotation.AutowiredAnnotationBeanPostProcessor$AutowiredFieldElement.inject(AutowiredAnnotationBeanPostProcessor.java:486)
	at org.springframework.beans.factory.annotation.InjectionMetadata.inject(InjectionMetadata.java:87)
	at org.springframework.beans.factory.annotation.AutowiredAnnotationBeanPostProcessor.postProcessPropertyValues(AutowiredAnnotationBeanPostProcessor.java:285)
	at org.springframework.beans.factory.support.AbstractAutowireCapableBeanFactory.populateBean(AbstractAutowireCapableBeanFactory.java:1122)
	at org.springframework.beans.factory.support.AbstractAutowireCapableBeanFactory.doCreateBean(AbstractAutowireCapableBeanFactory.java:522)
	at org.springframework.beans.factory.support.AbstractAutowireCapableBeanFactory.createBean(AbstractAutowireCapableBeanFactory.java:461)
	at org.springframework.beans.factory.support.AbstractBeanFactory$1.getObject(AbstractBeanFactory.java:295)
	at org.springframework.beans.factory.support.DefaultSingletonBeanRegistry.getSingleton(DefaultSingletonBeanRegistry.java:223)
	at org.springframework.beans.factory.support.AbstractBeanFactory.doGetBean(AbstractBeanFactory.java:292)
	at org.springframework.beans.factory.support.AbstractBeanFactory.getBean(AbstractBeanFactory.java:194)
	at org.springframework.beans.factory.support.DefaultListableBeanFactory.findAutowireCandidates(DefaultListableBeanFactory.java:910)
	at org.springframework.beans.factory.support.DefaultListableBeanFactory.doResolveDependency(DefaultListableBeanFactory.java:853)
	at org.springframework.beans.factory.support.DefaultListableBeanFactory.resolveDependency(DefaultListableBeanFactory.java:768)
	at org.springframework.beans.factory.annotation.AutowiredAnnotationBeanPostProcessor$AutowiredFieldElement.inject(AutowiredAnnotationBeanPostProcessor.java:486)
	at org.springframework.beans.factory.annotation.InjectionMetadata.inject(InjectionMetadata.java:87)
	at org.springframework.beans.factory.annotation.AutowiredAnnotationBeanPostProcessor.postProcessPropertyValues(AutowiredAnnotationBeanPostProcessor.java:285)
	at org.springframework.beans.factory.support.AbstractAutowireCapableBeanFactory.populateBean(AbstractAutowireCapableBeanFactory.java:1122)
	at org.springframework.beans.factory.support.AbstractAutowireCapableBeanFactory.doCreateBean(AbstractAutowireCapableBeanFactory.java:522)
	at org.springframework.beans.factory.support.AbstractAutowireCapableBeanFactory.createBean(AbstractAutowireCapableBeanFactory.java:461)
	at org.springframework.beans.factory.support.AbstractBeanFactory$1.getObject(AbstractBeanFactory.java:295)
	at org.springframework.beans.factory.support.DefaultSingletonBeanRegistry.getSingleton(DefaultSingletonBeanRegistry.java:223)
	at org.springframework.beans.factory.support.AbstractBeanFactory.doGetBean(AbstractBeanFactory.java:292)
	at org.springframework.beans.factory.support.AbstractBeanFactory.getBean(AbstractBeanFactory.java:198)
	at org.springframework.context.annotation.CommonAnnotationBeanPostProcessor.autowireResource(CommonAnnotationBeanPostProcessor.java:442)
	at org.springframework.context.annotation.CommonAnnotationBeanPostProcessor.getResource(CommonAnnotationBeanPostProcessor.java:416)
	at org.springframework.context.annotation.CommonAnnotationBeanPostProcessor$ResourceElement.getResourceToInject(CommonAnnotationBeanPostProcessor.java:550)
	at org.springframework.beans.factory.annotation.InjectionMetadata$InjectedElement.inject(InjectionMetadata.java:150)
	at org.springframework.beans.factory.annotation.InjectionMetadata.inject(InjectionMetadata.java:87)
	at org.springframework.context.annotation.CommonAnnotationBeanPostProcessor.postProcessPropertyValues(CommonAnnotationBeanPostProcessor.java:303)
	at org.springframework.beans.factory.support.AbstractAutowireCapableBeanFactory.populateBean(AbstractAutowireCapableBeanFactory.java:1122)
	at org.springframework.beans.factory.support.AbstractAutowireCapableBeanFactory.doCreateBean(AbstractAutowireCapableBeanFactory.java:522)
	at org.springframework.beans.factory.support.AbstractAutowireCapableBeanFactory.createBean(AbstractAutowireCapableBeanFactory.java:461)
	at org.springframework.beans.factory.support.AbstractBeanFactory$1.getObject(AbstractBeanFactory.java:295)
	at org.springframework.beans.factory.support.DefaultSingletonBeanRegistry.getSingleton(DefaultSingletonBeanRegistry.java:223)
	at org.springframework.beans.factory.support.AbstractBeanFactory.doGetBean(AbstractBeanFactory.java:292)
	at org.springframework.beans.factory.support.AbstractBeanFactory.getBean(AbstractBeanFactory.java:194)
	at org.springframework.beans.factory.support.BeanDefinitionValueResolver.resolveReference(BeanDefinitionValueResolver.java:323)
	at org.springframework.beans.factory.support.BeanDefinitionValueResolver.resolveValueIfNecessary(BeanDefinitionValueResolver.java:107)
	at org.springframework.beans.factory.support.AbstractAutowireCapableBeanFactory.applyPropertyValues(AbstractAutowireCapableBeanFactory.java:1393)
	at org.springframework.beans.factory.support.AbstractAutowireCapableBeanFactory.populateBean(AbstractAutowireCapableBeanFactory.java:1134)
	at org.springframework.beans.factory.support.AbstractAutowireCapableBeanFactory.doCreateBean(AbstractAutowireCapableBeanFactory.java:522)
	at org.springframework.beans.factory.support.AbstractAutowireCapableBeanFactory.createBean(AbstractAutowireCapableBeanFactory.java:461)
	at org.springframework.beans.factory.support.AbstractBeanFactory$1.getObject(AbstractBeanFactory.java:295)
	at org.springframework.beans.factory.support.DefaultSingletonBeanRegistry.getSingleton(DefaultSingletonBeanRegistry.java:223)
	at org.springframework.beans.factory.support.AbstractBeanFactory.doGetBean(AbstractBeanFactory.java:292)
	at org.springframework.beans.factory.support.AbstractBeanFactory.getBean(AbstractBeanFactory.java:194)
	at org.springframework.beans.factory.support.BeanDefinitionValueResolver.resolveReference(BeanDefinitionValueResolver.java:323)
	at org.springframework.beans.factory.support.BeanDefinitionValueResolver.resolveValueIfNecessary(BeanDefinitionValueResolver.java:107)
	at org.springframework.beans.factory.support.AbstractAutowireCapableBeanFactory.applyPropertyValues(AbstractAutowireCapableBeanFactory.java:1393)
	at org.springframework.beans.factory.support.AbstractAutowireCapableBeanFactory.populateBean(AbstractAutowireCapableBeanFactory.java:1134)
	at org.springframework.beans.factory.support.AbstractAutowireCapableBeanFactory.doCreateBean(AbstractAutowireCapableBeanFactory.java:522)
	at org.springframework.beans.factory.support.AbstractAutowireCapableBeanFactory.createBean(AbstractAutowireCapableBeanFactory.java:461)
	at org.springframework.beans.factory.support.AbstractBeanFactory$1.getObject(AbstractBeanFactory.java:295)
	at org.springframework.beans.factory.support.DefaultSingletonBeanRegistry.getSingleton(DefaultSingletonBeanRegistry.java:223)
	at org.springframework.beans.factory.support.AbstractBeanFactory.doGetBean(AbstractBeanFactory.java:292)
	at org.springframework.beans.factory.support.AbstractBeanFactory.getBean(AbstractBeanFactory.java:198)
	at org.springframework.context.support.AbstractApplicationContext.registerBeanPostProcessors(AbstractApplicationContext.java:753)
	at org.springframework.context.support.AbstractApplicationContext.refresh(AbstractApplicationContext.java:464)
	at org.springframework.web.context.ContextLoader.configureAndRefreshWebApplicationContext(ContextLoader.java:389)
	at org.springframework.web.context.ContextLoader.initWebApplicationContext(ContextLoader.java:294)
	at org.springframework.web.context.ContextLoaderListener.contextInitialized(ContextLoaderListener.java:112)
	at org.mortbay.jetty.handler.ContextHandler.startContext(ContextHandler.java:549)
	at org.mortbay.jetty.servlet.Context.startContext(Context.java:136)
	at org.mortbay.jetty.webapp.WebAppContext.startContext(WebAppContext.java:1282)
	at org.mortbay.jetty.handler.ContextHandler.doStart(ContextHandler.java:518)
	at org.mortbay.jetty.webapp.WebAppContext.doStart(WebAppContext.java:499)
	at org.mortbay.component.AbstractLifeCycle.start(AbstractLifeCycle.java:50)
	at org.mortbay.jetty.handler.HandlerWrapper.doStart(HandlerWrapper.java:130)
	at org.mortbay.jetty.Server.doStart(Server.java:224)
	at org.mortbay.component.AbstractLifeCycle.start(AbstractLifeCycle.java:50)
	at runjettyrun.Bootstrap.main(Bootstrap.java:97)
Caused by: java.sql.SQLException: Database 'D:\openspace\smallShow\src\main\webapp/derbyDB' not found.
	at org.apache.derby.impl.jdbc.SQLExceptionFactory.getSQLException(Unknown Source)
	at org.apache.derby.impl.jdbc.SQLExceptionFactory40.wrapArgsForTransportAcrossDRDA(Unknown Source)
	... 115 more
2014-01-17 10:56:12,987 INFO [com.alibaba.druid.pool.DruidDataSource] - <{dataSource-1} inited>
2014-01-17 10:56:12,991 ERROR [org.springframework.web.context.ContextLoader] - <Context initialization failed>
org.springframework.beans.factory.BeanCreationException: Error creating bean with name 'shiroFilter' defined in class path resource [applicationContext.xml]: Cannot resolve reference to bean 'securityManager' while setting bean property 'securityManager'; nested exception is org.springframework.beans.factory.BeanCreationException: Error creating bean with name 'securityManager' defined in class path resource [applicationContext.xml]: Cannot resolve reference to bean 'systemAuthorizingRealm' while setting bean property 'realm'; nested exception is org.springframework.beans.factory.BeanCreationException: Error creating bean with name 'systemAuthorizingRealm': Injection of resource dependencies failed; nested exception is org.springframework.beans.factory.BeanCreationException: Error creating bean with name 'userService': Injection of autowired dependencies failed; nested exception is org.springframework.beans.factory.BeanCreationException: Could not autowire field: private com.peter.smallshow.dao.UserDao com.peter.smallshow.service.impl.UserServiceImpl.userDao; nested exception is org.springframework.beans.factory.BeanCreationException: Error creating bean with name 'UserDao': Injection of autowired dependencies failed; nested exception is org.springframework.beans.factory.BeanCreationException: Could not autowire field: protected org.hibernate.SessionFactory com.peter.smallshow.dao.impl.BaseDaoImpl.sessionFactory; nested exception is org.springframework.beans.factory.BeanCreationException: Error creating bean with name 'sessionFactory' defined in class path resource [applicationContext.xml]: Cannot resolve reference to bean 'dataSource' while setting bean property 'dataSource'; nested exception is org.springframework.beans.factory.BeanCreationException: Error creating bean with name 'dataSource' defined in class path resource [applicationContext.xml]: Invocation of init method failed; nested exception is java.sql.SQLException: Database 'D:\openspace\smallShow\src\main\webapp/derbyDB' not found.
	at org.springframework.beans.factory.support.BeanDefinitionValueResolver.resolveReference(BeanDefinitionValueResolver.java:329)
	at org.springframework.beans.factory.support.BeanDefinitionValueResolver.resolveValueIfNecessary(BeanDefinitionValueResolver.java:107)
	at org.springframework.beans.factory.support.AbstractAutowireCapableBeanFactory.applyPropertyValues(AbstractAutowireCapableBeanFactory.java:1393)
	at org.springframework.beans.factory.support.AbstractAutowireCapableBeanFactory.populateBean(AbstractAutowireCapableBeanFactory.java:1134)
	at org.springframework.beans.factory.support.AbstractAutowireCapableBeanFactory.doCreateBean(AbstractAutowireCapableBeanFactory.java:522)
	at org.springframework.beans.factory.support.AbstractAutowireCapableBeanFactory.createBean(AbstractAutowireCapableBeanFactory.java:461)
	at org.springframework.beans.factory.support.AbstractBeanFactory$1.getObject(AbstractBeanFactory.java:295)
	at org.springframework.beans.factory.support.DefaultSingletonBeanRegistry.getSingleton(DefaultSingletonBeanRegistry.java:223)
	at org.springframework.beans.factory.support.AbstractBeanFactory.doGetBean(AbstractBeanFactory.java:292)
	at org.springframework.beans.factory.support.AbstractBeanFactory.getBean(AbstractBeanFactory.java:198)
	at org.springframework.context.support.AbstractApplicationContext.registerBeanPostProcessors(AbstractApplicationContext.java:753)
	at org.springframework.context.support.AbstractApplicationContext.refresh(AbstractApplicationContext.java:464)
	at org.springframework.web.context.ContextLoader.configureAndRefreshWebApplicationContext(ContextLoader.java:389)
	at org.springframework.web.context.ContextLoader.initWebApplicationContext(ContextLoader.java:294)
	at org.springframework.web.context.ContextLoaderListener.contextInitialized(ContextLoaderListener.java:112)
	at org.mortbay.jetty.handler.ContextHandler.startContext(ContextHandler.java:549)
	at org.mortbay.jetty.servlet.Context.startContext(Context.java:136)
	at org.mortbay.jetty.webapp.WebAppContext.startContext(WebAppContext.java:1282)
	at org.mortbay.jetty.handler.ContextHandler.doStart(ContextHandler.java:518)
	at org.mortbay.jetty.webapp.WebAppContext.doStart(WebAppContext.java:499)
	at org.mortbay.component.AbstractLifeCycle.start(AbstractLifeCycle.java:50)
	at org.mortbay.jetty.handler.HandlerWrapper.doStart(HandlerWrapper.java:130)
	at org.mortbay.jetty.Server.doStart(Server.java:224)
	at org.mortbay.component.AbstractLifeCycle.start(AbstractLifeCycle.java:50)
	at runjettyrun.Bootstrap.main(Bootstrap.java:97)
Caused by: org.springframework.beans.factory.BeanCreationException: Error creating bean with name 'securityManager' defined in class path resource [applicationContext.xml]: Cannot resolve reference to bean 'systemAuthorizingRealm' while setting bean property 'realm'; nested exception is org.springframework.beans.factory.BeanCreationException: Error creating bean with name 'systemAuthorizingRealm': Injection of resource dependencies failed; nested exception is org.springframework.beans.factory.BeanCreationException: Error creating bean with name 'userService': Injection of autowired dependencies failed; nested exception is org.springframework.beans.factory.BeanCreationException: Could not autowire field: private com.peter.smallshow.dao.UserDao com.peter.smallshow.service.impl.UserServiceImpl.userDao; nested exception is org.springframework.beans.factory.BeanCreationException: Error creating bean with name 'UserDao': Injection of autowired dependencies failed; nested exception is org.springframework.beans.factory.BeanCreationException: Could not autowire field: protected org.hibernate.SessionFactory com.peter.smallshow.dao.impl.BaseDaoImpl.sessionFactory; nested exception is org.springframework.beans.factory.BeanCreationException: Error creating bean with name 'sessionFactory' defined in class path resource [applicationContext.xml]: Cannot resolve reference to bean 'dataSource' while setting bean property 'dataSource'; nested exception is org.springframework.beans.factory.BeanCreationException: Error creating bean with name 'dataSource' defined in class path resource [applicationContext.xml]: Invocation of init method failed; nested exception is java.sql.SQLException: Database 'D:\openspace\smallShow\src\main\webapp/derbyDB' not found.
	at org.springframework.beans.factory.support.BeanDefinitionValueResolver.resolveReference(BeanDefinitionValueResolver.java:329)
	at org.springframework.beans.factory.support.BeanDefinitionValueResolver.resolveValueIfNecessary(BeanDefinitionValueResolver.java:107)
	at org.springframework.beans.factory.support.AbstractAutowireCapableBeanFactory.applyPropertyValues(AbstractAutowireCapableBeanFactory.java:1393)
	at org.springframework.beans.factory.support.AbstractAutowireCapableBeanFactory.populateBean(AbstractAutowireCapableBeanFactory.java:1134)
	at org.springframework.beans.factory.support.AbstractAutowireCapableBeanFactory.doCreateBean(AbstractAutowireCapableBeanFactory.java:522)
	at org.springframework.beans.factory.support.AbstractAutowireCapableBeanFactory.createBean(AbstractAutowireCapableBeanFactory.java:461)
	at org.springframework.beans.factory.support.AbstractBeanFactory$1.getObject(AbstractBeanFactory.java:295)
	at org.springframework.beans.factory.support.DefaultSingletonBeanRegistry.getSingleton(DefaultSingletonBeanRegistry.java:223)
	at org.springframework.beans.factory.support.AbstractBeanFactory.doGetBean(AbstractBeanFactory.java:292)
	at org.springframework.beans.factory.support.AbstractBeanFactory.getBean(AbstractBeanFactory.java:194)
	at org.springframework.beans.factory.support.BeanDefinitionValueResolver.resolveReference(BeanDefinitionValueResolver.java:323)
	... 24 more
Caused by: org.springframework.beans.factory.BeanCreationException: Error creating bean with name 'systemAuthorizingRealm': Injection of resource dependencies failed; nested exception is org.springframework.beans.factory.BeanCreationException: Error creating bean with name 'userService': Injection of autowired dependencies failed; nested exception is org.springframework.beans.factory.BeanCreationException: Could not autowire field: private com.peter.smallshow.dao.UserDao com.peter.smallshow.service.impl.UserServiceImpl.userDao; nested exception is org.springframework.beans.factory.BeanCreationException: Error creating bean with name 'UserDao': Injection of autowired dependencies failed; nested exception is org.springframework.beans.factory.BeanCreationException: Could not autowire field: protected org.hibernate.SessionFactory com.peter.smallshow.dao.impl.BaseDaoImpl.sessionFactory; nested exception is org.springframework.beans.factory.BeanCreationException: Error creating bean with name 'sessionFactory' defined in class path resource [applicationContext.xml]: Cannot resolve reference to bean 'dataSource' while setting bean property 'dataSource'; nested exception is org.springframework.beans.factory.BeanCreationException: Error creating bean with name 'dataSource' defined in class path resource [applicationContext.xml]: Invocation of init method failed; nested exception is java.sql.SQLException: Database 'D:\openspace\smallShow\src\main\webapp/derbyDB' not found.
	at org.springframework.context.annotation.CommonAnnotationBeanPostProcessor.postProcessPropertyValues(CommonAnnotationBeanPostProcessor.java:306)
	at org.springframework.beans.factory.support.AbstractAutowireCapableBeanFactory.populateBean(AbstractAutowireCapableBeanFactory.java:1122)
	at org.springframework.beans.factory.support.AbstractAutowireCapableBeanFactory.doCreateBean(AbstractAutowireCapableBeanFactory.java:522)
	at org.springframework.beans.factory.support.AbstractAutowireCapableBeanFactory.createBean(AbstractAutowireCapableBeanFactory.java:461)
	at org.springframework.beans.factory.support.AbstractBeanFactory$1.getObject(AbstractBeanFactory.java:295)
	at org.springframework.beans.factory.support.DefaultSingletonBeanRegistry.getSingleton(DefaultSingletonBeanRegistry.java:223)
	at org.springframework.beans.factory.support.AbstractBeanFactory.doGetBean(AbstractBeanFactory.java:292)
	at org.springframework.beans.factory.support.AbstractBeanFactory.getBean(AbstractBeanFactory.java:194)
	at org.springframework.beans.factory.support.BeanDefinitionValueResolver.resolveReference(BeanDefinitionValueResolver.java:323)
	... 34 more
Caused by: org.springframework.beans.factory.BeanCreationException: Error creating bean with name 'userService': Injection of autowired dependencies failed; nested exception is org.springframework.beans.factory.BeanCreationException: Could not autowire field: private com.peter.smallshow.dao.UserDao com.peter.smallshow.service.impl.UserServiceImpl.userDao; nested exception is org.springframework.beans.factory.BeanCreationException: Error creating bean with name 'UserDao': Injection of autowired dependencies failed; nested exception is org.springframework.beans.factory.BeanCreationException: Could not autowire field: protected org.hibernate.SessionFactory com.peter.smallshow.dao.impl.BaseDaoImpl.sessionFactory; nested exception is org.springframework.beans.factory.BeanCreationException: Error creating bean with name 'sessionFactory' defined in class path resource [applicationContext.xml]: Cannot resolve reference to bean 'dataSource' while setting bean property 'dataSource'; nested exception is org.springframework.beans.factory.BeanCreationException: Error creating bean with name 'dataSource' defined in class path resource [applicationContext.xml]: Invocation of init method failed; nested exception is java.sql.SQLException: Database 'D:\openspace\smallShow\src\main\webapp/derbyDB' not found.
	at org.springframework.beans.factory.annotation.AutowiredAnnotationBeanPostProcessor.postProcessPropertyValues(AutowiredAnnotationBeanPostProcessor.java:288)
	at org.springframework.beans.factory.support.AbstractAutowireCapableBeanFactory.populateBean(AbstractAutowireCapableBeanFactory.java:1122)
	at org.springframework.beans.factory.support.AbstractAutowireCapableBeanFactory.doCreateBean(AbstractAutowireCapableBeanFactory.java:522)
	at org.springframework.beans.factory.support.AbstractAutowireCapableBeanFactory.createBean(AbstractAutowireCapableBeanFactory.java:461)
	at org.springframework.beans.factory.support.AbstractBeanFactory$1.getObject(AbstractBeanFactory.java:295)
	at org.springframework.beans.factory.support.DefaultSingletonBeanRegistry.getSingleton(DefaultSingletonBeanRegistry.java:223)
	at org.springframework.beans.factory.support.AbstractBeanFactory.doGetBean(AbstractBeanFactory.java:292)
	at org.springframework.beans.factory.support.AbstractBeanFactory.getBean(AbstractBeanFactory.java:198)
	at org.springframework.context.annotation.CommonAnnotationBeanPostProcessor.autowireResource(CommonAnnotationBeanPostProcessor.java:442)
	at org.springframework.context.annotation.CommonAnnotationBeanPostProcessor.getResource(CommonAnnotationBeanPostProcessor.java:416)
	at org.springframework.context.annotation.CommonAnnotationBeanPostProcessor$ResourceElement.getResourceToInject(CommonAnnotationBeanPostProcessor.java:550)
	at org.springframework.beans.factory.annotation.InjectionMetadata$InjectedElement.inject(InjectionMetadata.java:150)
	at org.springframework.beans.factory.annotation.InjectionMetadata.inject(InjectionMetadata.java:87)
	at org.springframework.context.annotation.CommonAnnotationBeanPostProcessor.postProcessPropertyValues(CommonAnnotationBeanPostProcessor.java:303)
	... 42 more
Caused by: org.springframework.beans.factory.BeanCreationException: Could not autowire field: private com.peter.smallshow.dao.UserDao com.peter.smallshow.service.impl.UserServiceImpl.userDao; nested exception is org.springframework.beans.factory.BeanCreationException: Error creating bean with name 'UserDao': Injection of autowired dependencies failed; nested exception is org.springframework.beans.factory.BeanCreationException: Could not autowire field: protected org.hibernate.SessionFactory com.peter.smallshow.dao.impl.BaseDaoImpl.sessionFactory; nested exception is org.springframework.beans.factory.BeanCreationException: Error creating bean with name 'sessionFactory' defined in class path resource [applicationContext.xml]: Cannot resolve reference to bean 'dataSource' while setting bean property 'dataSource'; nested exception is org.springframework.beans.factory.BeanCreationException: Error creating bean with name 'dataSource' defined in class path resource [applicationContext.xml]: Invocation of init method failed; nested exception is java.sql.SQLException: Database 'D:\openspace\smallShow\src\main\webapp/derbyDB' not found.
	at org.springframework.beans.factory.annotation.AutowiredAnnotationBeanPostProcessor$AutowiredFieldElement.inject(AutowiredAnnotationBeanPostProcessor.java:514)
	at org.springframework.beans.factory.annotation.InjectionMetadata.inject(InjectionMetadata.java:87)
	at org.springframework.beans.factory.annotation.AutowiredAnnotationBeanPostProcessor.postProcessPropertyValues(AutowiredAnnotationBeanPostProcessor.java:285)
	... 55 more
Caused by: org.springframework.beans.factory.BeanCreationException: Error creating bean with name 'UserDao': Injection of autowired dependencies failed; nested exception is org.springframework.beans.factory.BeanCreationException: Could not autowire field: protected org.hibernate.SessionFactory com.peter.smallshow.dao.impl.BaseDaoImpl.sessionFactory; nested exception is org.springframework.beans.factory.BeanCreationException: Error creating bean with name 'sessionFactory' defined in class path resource [applicationContext.xml]: Cannot resolve reference to bean 'dataSource' while setting bean property 'dataSource'; nested exception is org.springframework.beans.factory.BeanCreationException: Error creating bean with name 'dataSource' defined in class path resource [applicationContext.xml]: Invocation of init method failed; nested exception is java.sql.SQLException: Database 'D:\openspace\smallShow\src\main\webapp/derbyDB' not found.
	at org.springframework.beans.factory.annotation.AutowiredAnnotationBeanPostProcessor.postProcessPropertyValues(AutowiredAnnotationBeanPostProcessor.java:288)
	at org.springframework.beans.factory.support.AbstractAutowireCapableBeanFactory.populateBean(AbstractAutowireCapableBeanFactory.java:1122)
	at org.springframework.beans.factory.support.AbstractAutowireCapableBeanFactory.doCreateBean(AbstractAutowireCapableBeanFactory.java:522)
	at org.springframework.beans.factory.support.AbstractAutowireCapableBeanFactory.createBean(AbstractAutowireCapableBeanFactory.java:461)
	at org.springframework.beans.factory.support.AbstractBeanFactory$1.getObject(AbstractBeanFactory.java:295)
	at org.springframework.beans.factory.support.DefaultSingletonBeanRegistry.getSingleton(DefaultSingletonBeanRegistry.java:223)
	at org.springframework.beans.factory.support.AbstractBeanFactory.doGetBean(AbstractBeanFactory.java:292)
	at org.springframework.beans.factory.support.AbstractBeanFactory.getBean(AbstractBeanFactory.java:194)
	at org.springframework.beans.factory.support.DefaultListableBeanFactory.findAutowireCandidates(DefaultListableBeanFactory.java:910)
	at org.springframework.beans.factory.support.DefaultListableBeanFactory.doResolveDependency(DefaultListableBeanFactory.java:853)
	at org.springframework.beans.factory.support.DefaultListableBeanFactory.resolveDependency(DefaultListableBeanFactory.java:768)
	at org.springframework.beans.factory.annotation.AutowiredAnnotationBeanPostProcessor$AutowiredFieldElement.inject(AutowiredAnnotationBeanPostProcessor.java:486)
	... 57 more
Caused by: org.springframework.beans.factory.BeanCreationException: Could not autowire field: protected org.hibernate.SessionFactory com.peter.smallshow.dao.impl.BaseDaoImpl.sessionFactory; nested exception is org.springframework.beans.factory.BeanCreationException: Error creating bean with name 'sessionFactory' defined in class path resource [applicationContext.xml]: Cannot resolve reference to bean 'dataSource' while setting bean property 'dataSource'; nested exception is org.springframework.beans.factory.BeanCreationException: Error creating bean with name 'dataSource' defined in class path resource [applicationContext.xml]: Invocation of init method failed; nested exception is java.sql.SQLException: Database 'D:\openspace\smallShow\src\main\webapp/derbyDB' not found.
	at org.springframework.beans.factory.annotation.AutowiredAnnotationBeanPostProcessor$AutowiredFieldElement.inject(AutowiredAnnotationBeanPostProcessor.java:514)
	at org.springframework.beans.factory.annotation.InjectionMetadata.inject(InjectionMetadata.java:87)
	at org.springframework.beans.factory.annotation.AutowiredAnnotationBeanPostProcessor.postProcessPropertyValues(AutowiredAnnotationBeanPostProcessor.java:285)
	... 68 more
Caused by: org.springframework.beans.factory.BeanCreationException: Error creating bean with name 'sessionFactory' defined in class path resource [applicationContext.xml]: Cannot resolve reference to bean 'dataSource' while setting bean property 'dataSource'; nested exception is org.springframework.beans.factory.BeanCreationException: Error creating bean with name 'dataSource' defined in class path resource [applicationContext.xml]: Invocation of init method failed; nested exception is java.sql.SQLException: Database 'D:\openspace\smallShow\src\main\webapp/derbyDB' not found.
	at org.springframework.beans.factory.support.BeanDefinitionValueResolver.resolveReference(BeanDefinitionValueResolver.java:329)
	at org.springframework.beans.factory.support.BeanDefinitionValueResolver.resolveValueIfNecessary(BeanDefinitionValueResolver.java:107)
	at org.springframework.beans.factory.support.AbstractAutowireCapableBeanFactory.applyPropertyValues(AbstractAutowireCapableBeanFactory.java:1393)
	at org.springframework.beans.factory.support.AbstractAutowireCapableBeanFactory.populateBean(AbstractAutowireCapableBeanFactory.java:1134)
	at org.springframework.beans.factory.support.AbstractAutowireCapableBeanFactory.doCreateBean(AbstractAutowireCapableBeanFactory.java:522)
	at org.springframework.beans.factory.support.AbstractAutowireCapableBeanFactory.createBean(AbstractAutowireCapableBeanFactory.java:461)
	at org.springframework.beans.factory.support.AbstractBeanFactory$1.getObject(AbstractBeanFactory.java:295)
	at org.springframework.beans.factory.support.DefaultSingletonBeanRegistry.getSingleton(DefaultSingletonBeanRegistry.java:223)
	at org.springframework.beans.factory.support.AbstractBeanFactory.doGetBean(AbstractBeanFactory.java:292)
	at org.springframework.beans.factory.support.AbstractBeanFactory.getBean(AbstractBeanFactory.java:194)
	at org.springframework.beans.factory.support.DefaultListableBeanFactory.findAutowireCandidates(DefaultListableBeanFactory.java:910)
	at org.springframework.beans.factory.support.DefaultListableBeanFactory.doResolveDependency(DefaultListableBeanFactory.java:853)
	at org.springframework.beans.factory.support.DefaultListableBeanFactory.resolveDependency(DefaultListableBeanFactory.java:768)
	at org.springframework.beans.factory.annotation.AutowiredAnnotationBeanPostProcessor$AutowiredFieldElement.inject(AutowiredAnnotationBeanPostProcessor.java:486)
	... 70 more
Caused by: org.springframework.beans.factory.BeanCreationException: Error creating bean with name 'dataSource' defined in class path resource [applicationContext.xml]: Invocation of init method failed; nested exception is java.sql.SQLException: Database 'D:\openspace\smallShow\src\main\webapp/derbyDB' not found.
	at org.springframework.beans.factory.support.AbstractAutowireCapableBeanFactory.initializeBean(AbstractAutowireCapableBeanFactory.java:1488)
	at org.springframework.beans.factory.support.AbstractAutowireCapableBeanFactory.doCreateBean(AbstractAutowireCapableBeanFactory.java:524)
	at org.springframework.beans.factory.support.AbstractAutowireCapableBeanFactory.createBean(AbstractAutowireCapableBeanFactory.java:461)
	at org.springframework.beans.factory.support.AbstractBeanFactory$1.getObject(AbstractBeanFactory.java:295)
	at org.springframework.beans.factory.support.DefaultSingletonBeanRegistry.getSingleton(DefaultSingletonBeanRegistry.java:223)
	at org.springframework.beans.factory.support.AbstractBeanFactory.doGetBean(AbstractBeanFactory.java:292)
	at org.springframework.beans.factory.support.AbstractBeanFactory.getBean(AbstractBeanFactory.java:194)
	at org.springframework.beans.factory.support.BeanDefinitionValueResolver.resolveReference(BeanDefinitionValueResolver.java:323)
	... 83 more
Caused by: java.sql.SQLException: Database 'D:\openspace\smallShow\src\main\webapp/derbyDB' not found.
	at org.apache.derby.impl.jdbc.SQLExceptionFactory40.getSQLException(Unknown Source)
	at org.apache.derby.impl.jdbc.Util.newEmbedSQLException(Unknown Source)
	at org.apache.derby.impl.jdbc.Util.newEmbedSQLException(Unknown Source)
	at org.apache.derby.impl.jdbc.Util.generateCsSQLException(Unknown Source)
	at org.apache.derby.impl.jdbc.EmbedConnection.newSQLException(Unknown Source)
	at org.apache.derby.impl.jdbc.EmbedConnection.handleDBNotFound(Unknown Source)
	at org.apache.derby.impl.jdbc.EmbedConnection.<init>(Unknown Source)
	at org.apache.derby.impl.jdbc.EmbedConnection40.<init>(Unknown Source)
	at org.apache.derby.jdbc.Driver40.getNewEmbedConnection(Unknown Source)
	at org.apache.derby.jdbc.InternalDriver.connect(Unknown Source)
	at org.apache.derby.jdbc.Driver20.connect(Unknown Source)
	at org.apache.derby.jdbc.EmbeddedDriver.connect(Unknown Source)
	at com.alibaba.druid.filter.FilterChainImpl.connection_connect(FilterChainImpl.java:146)
	at com.alibaba.druid.filter.stat.StatFilter.connection_connect(StatFilter.java:211)
	at com.alibaba.druid.filter.FilterChainImpl.connection_connect(FilterChainImpl.java:140)
	at com.alibaba.druid.pool.DruidAbstractDataSource.createPhysicalConnection(DruidAbstractDataSource.java:1355)
	at com.alibaba.druid.pool.DruidAbstractDataSource.createPhysicalConnection(DruidAbstractDataSource.java:1409)
	at com.alibaba.druid.pool.DruidDataSource.init(DruidDataSource.java:602)
	at sun.reflect.NativeMethodAccessorImpl.invoke0(Native Method)
	at sun.reflect.NativeMethodAccessorImpl.invoke(NativeMethodAccessorImpl.java:57)
	at sun.reflect.DelegatingMethodAccessorImpl.invoke(DelegatingMethodAccessorImpl.java:43)
	at java.lang.reflect.Method.invoke(Method.java:601)
	at org.springframework.beans.factory.support.AbstractAutowireCapableBeanFactory.invokeCustomInitMethod(AbstractAutowireCapableBeanFactory.java:1614)
	at org.springframework.beans.factory.support.AbstractAutowireCapableBeanFactory.invokeInitMethods(AbstractAutowireCapableBeanFactory.java:1555)
	at org.springframework.beans.factory.support.AbstractAutowireCapableBeanFactory.initializeBean(AbstractAutowireCapableBeanFactory.java:1485)
	... 90 more
Caused by: java.sql.SQLException: Database 'D:\openspace\smallShow\src\main\webapp/derbyDB' not found.
	at org.apache.derby.impl.jdbc.SQLExceptionFactory.getSQLException(Unknown Source)
	at org.apache.derby.impl.jdbc.SQLExceptionFactory40.wrapArgsForTransportAcrossDRDA(Unknown Source)
	... 115 more
2014-01-17 10:57:12,532 ERROR [com.alibaba.druid.pool.DruidDataSource] - <testWhileIdle is true, validationQuery not set>
2014-01-17 10:57:12,940 INFO [com.alibaba.druid.pool.DruidDataSource] - <{dataSource-1} inited>
2014-01-17 10:57:12,982 DEBUG [org.jboss.logging] - <Logging Provider: org.jboss.logging.Log4jLoggerProvider>
2014-01-17 10:57:13,794 DEBUG [net.sf.ehcache.config.ConfigurationFactory] - <Configuring ehcache from URL: file:/D:/openspace/smallShow/target/classes/ehcache_hibernate.xml>
2014-01-17 10:57:13,794 DEBUG [net.sf.ehcache.config.ConfigurationFactory] - <Configuring ehcache from InputStream>
2014-01-17 10:57:13,836 DEBUG [net.sf.ehcache.config.DiskStoreConfiguration] - <Disk Store Path: C:\Users\wanghao\AppData\Local\Temp\>
2014-01-17 10:57:13,836 DEBUG [net.sf.ehcache.config.DiskStoreConfiguration] - <Disk Store Path: C:\Users\wanghao\AppData\Local\Temp\>
2014-01-17 10:57:13,836 WARN [net.sf.ehcache.CacheManager] - <One or more caches require a DiskStore but there is no diskStore element configured. Using the default disk store path of C:\Users\wanghao\AppData\Local\Temp\. Please explicitly configure the diskStore element in ehcache.xml.>
2014-01-17 10:57:13,837 DEBUG [net.sf.ehcache.util.PropertyUtil] - <propertiesString is null.>
2014-01-17 10:57:13,840 DEBUG [net.sf.ehcache.config.ConfigurationHelper] - <No CacheManagerEventListenerFactory class specified. Skipping...>
2014-01-17 10:57:13,879 DEBUG [net.sf.ehcache.Cache] - <No BootstrapCacheLoaderFactory class specified. Skipping...>
2014-01-17 10:57:13,880 DEBUG [net.sf.ehcache.Cache] - <CacheWriter factory not configured. Skipping...>
2014-01-17 10:57:13,881 DEBUG [net.sf.ehcache.config.ConfigurationHelper] - <No CacheExceptionHandlerFactory class specified. Skipping...>
2014-01-17 10:57:13,883 DEBUG [net.sf.ehcache.Cache] - <No BootstrapCacheLoaderFactory class specified. Skipping...>
2014-01-17 10:57:13,883 DEBUG [net.sf.ehcache.Cache] - <CacheWriter factory not configured. Skipping...>
2014-01-17 10:57:13,883 DEBUG [net.sf.ehcache.config.ConfigurationHelper] - <No CacheExceptionHandlerFactory class specified. Skipping...>
2014-01-17 10:57:13,884 DEBUG [net.sf.ehcache.Cache] - <No BootstrapCacheLoaderFactory class specified. Skipping...>
2014-01-17 10:57:13,884 DEBUG [net.sf.ehcache.Cache] - <CacheWriter factory not configured. Skipping...>
2014-01-17 10:57:13,884 DEBUG [net.sf.ehcache.config.ConfigurationHelper] - <No CacheExceptionHandlerFactory class specified. Skipping...>
2014-01-17 10:57:13,899 DEBUG [net.sf.ehcache.Cache] - <Initialised cache: org.hibernate.cache.StandardQueryCache>
2014-01-17 10:57:13,899 DEBUG [net.sf.ehcache.config.ConfigurationHelper] - <CacheDecoratorFactory not configured. Skipping for 'org.hibernate.cache.StandardQueryCache'.>
2014-01-17 10:57:13,899 DEBUG [net.sf.ehcache.config.ConfigurationHelper] - <CacheDecoratorFactory not configured for defaultCache. Skipping for 'org.hibernate.cache.StandardQueryCache'.>
2014-01-17 10:57:13,905 DEBUG [net.sf.ehcache.store.compound.factories.DiskOverflowStorageFactory] - <Deleting data file org.hibernate.cache.UpdateTimestampsCache.data>
2014-01-17 10:57:13,915 DEBUG [net.sf.ehcache.Cache] - <Initialised cache: org.hibernate.cache.UpdateTimestampsCache>
2014-01-17 10:57:13,915 DEBUG [net.sf.ehcache.config.ConfigurationHelper] - <CacheDecoratorFactory not configured. Skipping for 'org.hibernate.cache.UpdateTimestampsCache'.>
2014-01-17 10:57:13,915 DEBUG [net.sf.ehcache.config.ConfigurationHelper] - <CacheDecoratorFactory not configured for defaultCache. Skipping for 'org.hibernate.cache.UpdateTimestampsCache'.>
2014-01-17 10:57:13,920 WARN [org.hibernate.cache.ehcache.AbstractEhcacheRegionFactory] - <HHH020003: Could not find a specific ehcache configuration for cache named [org.hibernate.cache.spi.UpdateTimestampsCache]; using defaults.>
2014-01-17 10:57:13,921 DEBUG [net.sf.ehcache.Cache] - <Initialised cache: org.hibernate.cache.spi.UpdateTimestampsCache>
2014-01-17 10:57:13,921 DEBUG [net.sf.ehcache.config.ConfigurationHelper] - <CacheDecoratorFactory not configured for defaultCache. Skipping for 'org.hibernate.cache.spi.UpdateTimestampsCache'.>
2014-01-17 10:57:13,923 WARN [org.hibernate.cache.ehcache.AbstractEhcacheRegionFactory] - <HHH020003: Could not find a specific ehcache configuration for cache named [org.hibernate.cache.internal.StandardQueryCache]; using defaults.>
2014-01-17 10:57:13,924 DEBUG [net.sf.ehcache.Cache] - <Initialised cache: org.hibernate.cache.internal.StandardQueryCache>
2014-01-17 10:57:13,924 DEBUG [net.sf.ehcache.config.ConfigurationHelper] - <CacheDecoratorFactory not configured for defaultCache. Skipping for 'org.hibernate.cache.internal.StandardQueryCache'.>
2014-01-17 10:57:14,153 DEBUG [org.apache.shiro.spring.LifecycleBeanPostProcessor] - <Initializing bean [systemAuthorizingRealm]...>
2014-01-17 10:57:14,153 DEBUG [org.apache.shiro.realm.AuthorizingRealm] - <No authorizationCache instance set.  Checking for a cacheManager...>
2014-01-17 10:57:14,153 INFO [org.apache.shiro.realm.AuthorizingRealm] - <No cache or cacheManager properties have been set.  Authorization cache cannot be obtained.>
2014-01-17 10:57:14,222 DEBUG [org.apache.shiro.spring.web.ShiroFilterFactoryBean] - <Found filter chain candidate filter 'customFormAuthenticationFilter'>
2014-01-17 10:57:14,274 DEBUG [org.apache.shiro.spring.web.ShiroFilterFactoryBean] - <Creating Shiro Filter instance.>
2014-01-17 10:57:14,287 DEBUG [org.apache.shiro.web.filter.mgt.DefaultFilterChainManager] - <Creating chain [/login.do] from String definition [anon]>
2014-01-17 10:57:14,287 DEBUG [org.apache.shiro.web.filter.mgt.DefaultFilterChainManager] - <Attempting to apply path [/login.do] to filter [anon] with config [null]>
2014-01-17 10:57:14,288 DEBUG [org.apache.shiro.web.filter.mgt.DefaultFilterChainManager] - <Creating chain [/**] from String definition [authc]>
2014-01-17 10:57:14,288 DEBUG [org.apache.shiro.web.filter.mgt.DefaultFilterChainManager] - <Attempting to apply path [/**] to filter [authc] with config [null]>
2014-01-17 10:57:14,882 DEBUG [net.sf.ehcache.util.UpdateChecker] - <Checking for update...>
2014-01-17 10:57:18,122 INFO [net.sf.ehcache.util.UpdateChecker] - <New update(s) found: 2.4.7 [http://www.terracotta.org/confluence/display/release/Release+Notes+Ehcache+Core+2.4]. Please check http://ehcache.org for the latest version.>
2014-01-17 10:57:30,161 INFO [com.peter.smallshow.controller.ViewLoginController] - <ip:0:0:0:0:0:0:0:1>
2014-01-17 10:57:44,089 INFO [com.peter.smallshow.controller.LoginController] - <loginName:admin;loginPassword:admin>
2014-01-17 10:57:48,533 DEBUG [org.apache.shiro.realm.AuthenticatingRealm] - <Looked up AuthenticationInfo [admin] from doGetAuthenticationInfo>
2014-01-17 10:57:48,534 DEBUG [org.apache.shiro.realm.AuthenticatingRealm] - <AuthenticationInfo caching is disabled for info [admin].  Submitted token: [org.apache.shiro.authc.UsernamePasswordToken - admin, rememberMe=true].>
2014-01-17 10:57:48,534 DEBUG [org.apache.shiro.authc.credential.SimpleCredentialsMatcher] - <Performing credentials equality check for tokenCredentials of type [[C and accountCredentials of type [java.lang.String]>
2014-01-17 10:57:48,534 DEBUG [org.apache.shiro.authc.credential.SimpleCredentialsMatcher] - <Both credentials arguments can be easily converted to byte arrays.  Performing array equals comparison>
2014-01-17 10:57:48,534 DEBUG [org.apache.shiro.authc.AbstractAuthenticator] - <Authentication successful for token [org.apache.shiro.authc.UsernamePasswordToken - admin, rememberMe=true].  Returned account [admin]>
2014-01-17 10:57:48,534 DEBUG [org.apache.shiro.subject.support.DefaultSubjectContext] - <No SecurityManager available in subject context map.  Falling back to SecurityUtils.getSecurityManager() lookup.>
2014-01-17 10:57:48,534 DEBUG [org.apache.shiro.mgt.DefaultSecurityManager] - <Context already contains a session.  Returning.>
2014-01-17 10:57:48,534 DEBUG [org.apache.shiro.subject.support.DefaultSubjectContext] - <No SecurityManager available in subject context map.  Falling back to SecurityUtils.getSecurityManager() lookup.>
2014-01-17 10:57:48,535 DEBUG [org.apache.shiro.web.servlet.SimpleCookie] - <Added HttpServletResponse Cookie [rememberMe=deleteMe; Path=/smallShow; Max-Age=0; Expires=Thu, 16-Jan-2014 02:57:48 GMT]>
2014-01-17 10:57:48,726 DEBUG [org.apache.shiro.web.servlet.SimpleCookie] - <Added HttpServletResponse Cookie [rememberMe=FbCUNh9PDdRA16xPIWmY37dFvA8bpIA6CscQthuzw3O7JKPq0P3tdcP5MjiRnU4GbZVzAizeB4S5Cq7X1SaXMfw3tbHBY/8UEGi5q0W8JV0A0uBY3aPSrurW3bIhO2YBwKydxDObvdJjEDbchhaE6di3uhcYVDVFDrHhyifjn3jBqdZaWzz271tBnVxZLedw6qqur6rkDw/j6ff08Am122UTcs02dPKupbL0yjysFEyUgwNul8qr5iswYCM0mLPCHU3cz4zjf7fXXympoLM2mOCt9PWUZmWeML2ch4vX6TQTawQ9OfRd207MnbLiVDlTDVO36ghRG3TYnvdhp50NAP8Yejfsp19G2ETGtm14cUt9RVuU2OkA2G02o8cFwx6tvfAnaWi+Lzs5f7zZIG/pBdEUHL41RJSXie1snF2H+jn5FyASzhdFGc+9BfrAU3Xf4UDNNuLnLJp0ZOYny0gNeMwiKKDL4ZCGcfiG3R82aAA=; Path=/smallShow; Max-Age=31536000; Expires=Sat, 17-Jan-2015 02:57:48 GMT; HttpOnly]>
2014-01-17 10:57:48,727 INFO [com.peter.smallshow.controller.LoginController] - <User [admin] logged in successfully.>
